[I 15:24:12.932 NotebookApp] [nb_conda_kernels] enabled, 2 kernels found
[I 15:24:13.313 NotebookApp] ✓ nbpresent HTML export ENABLED
[W 15:24:13.314 NotebookApp] ✗ nbpresent PDF export DISABLED: No module named nbbrowserpdf.exporters.pdf
[I 15:24:13.316 NotebookApp] [nb_conda] enabled
[I 15:24:13.348 NotebookApp] [nb_anacondacloud] enabled
[I 15:24:13.350 NotebookApp] Serving notebooks from local directory: /home/ubuntu/workspace/P0_bike_sharing
[I 15:24:13.350 NotebookApp] 0 active kernels 
[I 15:24:13.350 NotebookApp] The Jupyter Notebook is running at: http://0.0.0.0:8081/
[I 15:24:13.350 NotebookApp] Use Control-C to stop this server and shut down all kernels (twice to skip confirmation).
[I 15:25:38.369 NotebookApp] Kernel started: c4c9529a-5fdc-478b-b651-4271bc7dff6f
[I 15:36:05.793 NotebookApp] Saving file at /README.md
[I 15:47:55.332 NotebookApp] Saving file at /Bay_Area_Bike_Share_Analysis.ipynb
[I 15:51:03.561 NotebookApp] Saving file at /Bay_Area_Bike_Share_Analysis.ipynb
[I 15:53:56.766 NotebookApp] Saving file at /Bay_Area_Bike_Share_Analysis.ipynb
[I 15:55:15.449 NotebookApp] Saving file at /Bay_Area_Bike_Share_Analysis.ipynb
[I 15:57:55.427 NotebookApp] Saving file at /Bay_Area_Bike_Share_Analysis.ipynb
[I 16:00:00.686 NotebookApp] Saving file at /Bay_Area_Bike_Share_Analysis.ipynb
[I 16:02:00.471 NotebookApp] Saving file at /Bay_Area_Bike_Share_Analysis.ipynb
[I 16:06:04.191 NotebookApp] Saving file at /Bay_Area_Bike_Share_Analysis.ipynb
[I 16:07:02.286 NotebookApp] Saving file at /Bay_Area_Bike_Share_Analysis.ipynb
[I 16:16:05.444 NotebookApp] Saving file at /README.md
[I 16:16:11.256 NotebookApp] Saving file at /README.md
[I 16:17:42.243 NotebookApp] Saving file at /Bay_Area_Bike_Share_Analysis.ipynb
[I 16:18:03.600 NotebookApp] Saving file at /README.md
[I 16:39:31.022 NotebookApp] Saving file at /Bay_Area_Bike_Share_Analysis.ipynb
[I 16:43:44.629 NotebookApp] Saving file at /Bay_Area_Bike_Share_Analysis.ipynb
[I 16:43:53.709 NotebookApp] Saving file at /Bay_Area_Bike_Share_Analysis.ipynb
[W 16:44:52.862 NotebookApp] WebSocket ping timeout after 118432 ms.
[I 16:45:42.444 NotebookApp] Saving file at /Bay_Area_Bike_Share_Analysis.ipynb
[I 16:46:43.182 NotebookApp] Saving file at /Bay_Area_Bike_Share_Analysis.ipynb
[I 16:49:36.268 NotebookApp] Saving file at /Bay_Area_Bike_Share_Analysis.ipynb
Using Anaconda API: https://api.anaconda.org
[W 16:52:06.304 NotebookApp] WebSocket ping timeout after 90000 ms.
[I 16:52:38.245 NotebookApp] Kernel interrupted: c4c9529a-5fdc-478b-b651-4271bc7dff6f
[I 16:52:45.412 NotebookApp] Kernel interrupted: c4c9529a-5fdc-478b-b651-4271bc7dff6f
[I 16:52:55.596 NotebookApp] Kernel restarted: c4c9529a-5fdc-478b-b651-4271bc7dff6f
[I 16:53:38.335 NotebookApp] Saving file at /Bay_Area_Bike_Share_Analysis.ipynb
[W 16:54:28.971 NotebookApp] WebSocket ping timeout after 90000 ms.
[C 16:56:50.115 NotebookApp] received signal 15, stopping
[I 16:56:50.116 NotebookApp] Shutting down kernels
[I 16:56:50.218 NotebookApp] Kernel shutdown: c4c9529a-5fdc-478b-b651-4271bc7dff6f
[I 16:58:05.508 NotebookApp] [nb_conda_kernels] enabled, 2 kernels found
[I 16:58:05.514 NotebookApp] Writing notebook server cookie secret to /run/user/500/jupyter/notebook_cookie_secret
[I 16:58:10.605 NotebookApp] ✓ nbpresent HTML export ENABLED
[W 16:58:10.605 NotebookApp] ✗ nbpresent PDF export DISABLED: No module named nbbrowserpdf.exporters.pdf
[I 16:58:10.618 NotebookApp] [nb_conda] enabled
[I 16:58:11.106 NotebookApp] [nb_anacondacloud] enabled
[I 16:58:11.122 NotebookApp] Serving notebooks from local directory: /home/ubuntu/workspace/P0_bike_sharing
[I 16:58:11.122 NotebookApp] 0 active kernels 
[I 16:58:11.122 NotebookApp] The Jupyter Notebook is running at: http://0.0.0.0:8081/
[I 16:58:11.122 NotebookApp] Use Control-C to stop this server and shut down all kernels (twice to skip confirmation).
[I 17:02:42.483 NotebookApp] Kernel started: 6fa76e94-1e94-46c0-9a3d-2a32d20dd897
[I 17:06:11.873 NotebookApp] Saving file at /Bay_Area_Bike_Share_Analysis.ipynb
[W 17:16:13.571 NotebookApp] WebSocket ping timeout after 110399 ms.
[I 17:21:51.695 NotebookApp] Saving file at /Bay_Area_Bike_Share_Analysis.ipynb
[W 18:02:23.548 NotebookApp] 405 HEAD / (127.0.0.1) 0.98ms referer=None
[I 18:06:00.727 NotebookApp] Saving file at /Bay_Area_Bike_Share_Analysis.ipynb
[I 18:06:49.703 NotebookApp] Saving file at /Bay_Area_Bike_Share_Analysis.ipynb
[I 18:07:43.407 NotebookApp] Saving file at /Bay_Area_Bike_Share_Analysis.ipynb
[I 18:07:45.093 NotebookApp] Saving file at /Bay_Area_Bike_Share_Analysis.ipynb
[I 18:07:52.075 NotebookApp] Saving file at /Bay_Area_Bike_Share_Analysis.ipynb
[I 19:13:50.047 NotebookApp] 302 GET / (127.0.0.1) 0.76ms
[W 19:45:53.064 NotebookApp] 404 GET /nbextensions/widgets/notebook/js/extension.js?v=20161121165805 (127.0.0.1) 222.00ms referer=http://jupyter.zhengweiyu.com/notebooks/Bay_Area_Bike_Share_Analysis.ipynb
Using Anaconda API: https://api.anaconda.org
Using Anaconda API: https://api.anaconda.org
[W 20:16:51.117 NotebookApp] WebSocket ping timeout after 119170 ms.
